\BOOKMARK [1][-]{section.1}{\376\377\000I\000n\000t\000r\000o\000d\000u\000c\000t\000i\000o\000n}{}% 1
\BOOKMARK [1][-]{section.2}{\376\377\000A\000g\000a\000i\000n\000s\000t\000\040\000N\000a\000i\000v\000e\000\040\000M\000o\000d\000e\000l\000s\000\040\000o\000f\000\040\000I\000d\000e\000a\000\040\000F\000o\000r\000m\000a\000t\000i\000o\000n}{}% 2
\BOOKMARK [1][-]{section.3}{\376\377\000C\000o\000n\000s\000t\000r\000a\000i\000n\000t\000\040\000A\000c\000c\000u\000m\000u\000l\000a\000t\000i\000o\000n\000\040\000a\000s\000\040\000G\000e\000n\000e\000r\000a\000t\000i\000v\000e\000\040\000P\000r\000o\000c\000e\000s\000s}{}% 3
\BOOKMARK [2][-]{subsection.3.1}{\376\377\000D\000o\000m\000a\000i\000n\000s\000\040\000a\000s\000\040\000C\000o\000n\000s\000t\000r\000a\000i\000n\000t\000\040\000S\000y\000s\000t\000e\000m\000s}{section.3}% 4
\BOOKMARK [2][-]{subsection.3.2}{\376\377\000C\000o\000m\000p\000o\000s\000i\000t\000i\000o\000n\000\040\000a\000n\000d\000\040\000C\000l\000o\000s\000u\000r\000e}{section.3}% 5
\BOOKMARK [1][-]{section.4}{\376\377\000M\000i\000n\000i\000m\000a\000l\000\040\000C\000o\000n\000d\000i\000t\000i\000o\000n\000s\000\040\000f\000o\000r\000\040\000S\000t\000r\000u\000c\000t\000u\000r\000a\000l\000\040\000E\000m\000e\000r\000g\000e\000n\000c\000e}{}% 6
\BOOKMARK [1][-]{section.5}{\376\377\000P\000r\000o\000j\000e\000c\000t\000i\000o\000n\000\040\000a\000n\000d\000\040\000I\000n\000t\000e\000r\000n\000a\000l\000\040\000R\000e\000p\000r\000e\000s\000e\000n\000t\000a\000t\000i\000o\000n}{}% 7
\BOOKMARK [2][-]{subsection.5.1}{\376\377\000I\000d\000e\000a\000s\000\040\000a\000s\000\040\000C\000o\000a\000r\000s\000e\000-\000G\000r\000a\000i\000n\000e\000d\000\040\000S\000t\000r\000u\000c\000t\000u\000r\000e\000s}{section.5}% 8
\BOOKMARK [2][-]{subsection.5.2}{\376\377\000L\000o\000c\000a\000l\000\040\000C\000o\000n\000s\000i\000s\000t\000e\000n\000c\000y\000\040\000a\000n\000d\000\040\000G\000l\000o\000b\000a\000l\000\040\000S\000t\000r\000u\000c\000t\000u\000r\000e}{section.5}% 9
\BOOKMARK [1][-]{section.6}{\376\377\000A\000b\000s\000t\000r\000a\000c\000t\000i\000o\000n\000\040\000a\000s\000\040\000R\000e\000d\000u\000c\000t\000i\000o\000n}{}% 10
\BOOKMARK [2][-]{subsection.6.1}{\376\377\000A\000b\000s\000t\000r\000a\000c\000t\000i\000o\000n\000\040\000a\000s\000\040\000C\000o\000n\000s\000t\000r\000a\000i\000n\000t\000\040\000E\000l\000i\000m\000i\000n\000a\000t\000i\000o\000n}{section.6}% 11
\BOOKMARK [2][-]{subsection.6.2}{\376\377\000R\000e\000d\000u\000c\000t\000i\000o\000n\000\040\000a\000n\000d\000\040\000I\000n\000f\000o\000r\000m\000a\000t\000i\000o\000n\000\040\000L\000o\000s\000s}{section.6}% 12
\BOOKMARK [2][-]{subsection.6.3}{\376\377\000A\000b\000s\000t\000r\000a\000c\000t\000i\000o\000n\000\040\000a\000s\000\040\000P\000r\000e\000c\000o\000n\000d\000i\000t\000i\000o\000n\000\040\000f\000o\000r\000\040\000C\000o\000m\000p\000o\000s\000i\000t\000i\000o\000n}{section.6}% 13
\BOOKMARK [2][-]{subsection.6.4}{\376\377\000R\000e\000l\000a\000t\000i\000o\000n\000\040\000t\000o\000\040\000P\000r\000o\000j\000e\000c\000t\000i\000o\000n}{section.6}% 14
\BOOKMARK [1][-]{section.7}{\376\377\000R\000e\000c\000o\000g\000n\000i\000t\000i\000o\000n\000\040\000V\000e\000r\000s\000u\000s\000\040\000I\000n\000v\000e\000n\000t\000i\000o\000n}{}% 15
\BOOKMARK [2][-]{subsection.7.1}{\376\377\000T\000h\000e\000\040\000P\000h\000e\000n\000o\000m\000e\000n\000o\000l\000o\000g\000y\000\040\000o\000f\000\040\000C\000o\000m\000p\000l\000e\000t\000i\000o\000n}{section.7}% 16
\BOOKMARK [2][-]{subsection.7.2}{\376\377\000P\000r\000e\000c\000o\000m\000p\000u\000t\000a\000t\000i\000o\000n\000\040\000a\000n\000d\000\040\000L\000a\000t\000e\000n\000t\000\040\000S\000t\000r\000u\000c\000t\000u\000r\000e}{section.7}% 17
\BOOKMARK [2][-]{subsection.7.3}{\376\377\000I\000n\000e\000v\000i\000t\000a\000b\000i\000l\000i\000t\000y\000\040\000a\000n\000d\000\040\000S\000e\000l\000e\000c\000t\000i\000o\000n}{section.7}% 18
\BOOKMARK [1][-]{section.8}{\376\377\000A\000s\000p\000e\000c\000t\000\040\000R\000e\000l\000e\000g\000a\000t\000i\000o\000n}{}% 19
\BOOKMARK [2][-]{subsection.8.1}{\376\377\000F\000r\000o\000m\000\040\000I\000n\000t\000u\000i\000t\000i\000o\000n\000\040\000t\000o\000\040\000R\000e\000l\000e\000g\000a\000t\000i\000o\000n}{section.8}% 20
\BOOKMARK [2][-]{subsection.8.2}{\376\377\000R\000e\000l\000e\000g\000a\000t\000i\000o\000n\000\040\000a\000s\000\040\000C\000o\000m\000p\000r\000e\000s\000s\000i\000o\000n}{section.8}% 21
\BOOKMARK [2][-]{subsection.8.3}{\376\377\000F\000a\000i\000l\000u\000r\000e\000\040\000M\000o\000d\000e\000s\000\040\000a\000n\000d\000\040\000R\000e\000a\000c\000t\000i\000v\000a\000t\000i\000o\000n}{section.8}% 22
\BOOKMARK [2][-]{subsection.8.4}{\376\377\000I\000m\000p\000l\000i\000c\000a\000t\000i\000o\000n\000s\000\040\000f\000o\000r\000\040\000A\000r\000t\000i\000f\000i\000c\000i\000a\000l\000\040\000S\000y\000s\000t\000e\000m\000s}{section.8}% 23
\BOOKMARK [2][-]{subsection.8.5}{\376\377\000R\000e\000l\000a\000t\000i\000o\000n\000\040\000t\000o\000\040\000P\000r\000e\000c\000o\000m\000p\000u\000t\000a\000t\000i\000o\000n}{section.8}% 24
\BOOKMARK [1][-]{section.9}{\376\377\000C\000r\000o\000s\000s\000-\000D\000o\000m\000a\000i\000n\000\040\000I\000n\000v\000a\000r\000i\000a\000n\000c\000e}{}% 25
\BOOKMARK [2][-]{subsection.9.1}{\376\377\000S\000t\000r\000u\000c\000t\000u\000r\000e\000\040\000O\000v\000e\000r\000\040\000S\000u\000b\000s\000t\000a\000n\000c\000e}{section.9}% 26
\BOOKMARK [2][-]{subsection.9.2}{\376\377\000F\000u\000n\000c\000t\000o\000r\000i\000a\000l\000\040\000C\000o\000r\000r\000e\000s\000p\000o\000n\000d\000e\000n\000c\000e}{section.9}% 27
\BOOKMARK [1][-]{section.10}{\376\377\000E\000x\000p\000r\000e\000s\000s\000i\000o\000n\000\040\000a\000s\000\040\000S\000e\000c\000o\000n\000d\000a\000r\000y\000\040\000P\000r\000o\000j\000e\000c\000t\000i\000o\000n}{}% 28
\BOOKMARK [2][-]{subsection.10.1}{\376\377\000W\000r\000i\000t\000i\000n\000g\000\040\000a\000s\000\040\000P\000r\000o\000j\000e\000c\000t\000i\000o\000n}{section.10}% 29
\BOOKMARK [2][-]{subsection.10.2}{\376\377\000S\000t\000a\000b\000i\000l\000i\000t\000y\000\040\000o\000f\000\040\000R\000e\000p\000r\000e\000s\000e\000n\000t\000a\000t\000i\000o\000n}{section.10}% 30
\BOOKMARK [1][-]{section.11}{\376\377\000O\000n\000\040\000T\000o\000o\000l\000s\000\040\000a\000n\000d\000\040\000E\000x\000t\000e\000r\000n\000a\000l\000\040\000S\000y\000s\000t\000e\000m\000s}{}% 31
\BOOKMARK [1][-]{section.12}{\376\377\000A\000\040\000S\000t\000r\000u\000c\000t\000u\000r\000a\000l\000\040\000A\000n\000a\000l\000y\000s\000i\000s\000\040\000o\000f\000\040\000C\000a\000t\000a\000s\000t\000r\000o\000p\000h\000i\000c\000\040\000A\000l\000i\000g\000n\000m\000e\000n\000t\000\040\000A\000r\000g\000u\000m\000e\000n\000t\000s}{}% 32
\BOOKMARK [2][-]{subsection.12.1}{\376\377\000T\000h\000e\000\040\000A\000r\000g\000u\000m\000e\000n\000t\000\040\000a\000s\000\040\000a\000\040\000C\000h\000a\000i\000n\000\040\000o\000f\000\040\000I\000m\000p\000l\000i\000c\000a\000t\000i\000o\000n\000s}{section.12}% 33
\BOOKMARK [2][-]{subsection.12.2}{\376\377\000F\000r\000o\000m\000\040\000I\000n\000t\000e\000l\000l\000i\000g\000e\000n\000c\000e\000\040\000t\000o\000\040\000C\000o\000n\000t\000r\000o\000l}{section.12}% 34
\BOOKMARK [2][-]{subsection.12.3}{\376\377\000F\000r\000o\000m\000\040\000C\000a\000p\000a\000b\000i\000l\000i\000t\000y\000\040\000t\000o\000\040\000O\000p\000t\000i\000m\000i\000z\000a\000t\000i\000o\000n}{section.12}% 35
\BOOKMARK [2][-]{subsection.12.4}{\376\377\000O\000p\000a\000c\000i\000t\000y\000\040\000a\000n\000d\000\040\000E\000m\000e\000r\000g\000e\000n\000c\000e}{section.12}% 36
\BOOKMARK [2][-]{subsection.12.5}{\376\377\000O\000n\000\040\000K\000n\000o\000w\000l\000e\000d\000g\000e\000\040\000a\000n\000d\000\040\000A\000c\000t\000i\000o\000n}{section.12}% 37
\BOOKMARK [2][-]{subsection.12.6}{\376\377\000O\000n\000\040\000R\000e\000c\000u\000r\000s\000i\000v\000e\000\040\000S\000e\000l\000f\000-\000I\000m\000p\000r\000o\000v\000e\000m\000e\000n\000t}{section.12}% 38
\BOOKMARK [2][-]{subsection.12.7}{\376\377\000O\000n\000\040\000R\000e\000s\000o\000u\000r\000c\000e\000\040\000T\000r\000a\000n\000s\000f\000o\000r\000m\000a\000t\000i\000o\000n\000\040\000S\000c\000e\000n\000a\000r\000i\000o\000s}{section.12}% 39
\BOOKMARK [2][-]{subsection.12.8}{\376\377\000O\000n\000\040\000A\000n\000a\000l\000o\000g\000y\000\040\000a\000n\000d\000\040\000B\000i\000o\000l\000o\000g\000i\000c\000a\000l\000\040\000S\000c\000a\000l\000i\000n\000g}{section.12}% 40
\BOOKMARK [2][-]{subsection.12.9}{\376\377\000C\000o\000o\000r\000d\000i\000n\000a\000t\000i\000o\000n\000\040\000a\000s\000\040\000C\000o\000u\000n\000t\000e\000r\000v\000a\000i\000l\000i\000n\000g\000\040\000S\000t\000r\000u\000c\000t\000u\000r\000e}{section.12}% 41
\BOOKMARK [2][-]{subsection.12.10}{\376\377\000C\000o\000n\000c\000l\000u\000s\000i\000o\000n\000\040\000o\000f\000\040\000T\000h\000i\000s\000\040\000A\000n\000a\000l\000y\000s\000i\000s}{section.12}% 42
\BOOKMARK [1][-]{section.13}{\376\377\000F\000r\000o\000m\000\040\000S\000t\000r\000u\000c\000t\000u\000r\000a\000l\000\040\000A\000c\000c\000o\000u\000n\000t\000\040\000t\000o\000\040\000F\000o\000r\000m\000a\000l\000i\000z\000a\000t\000i\000o\000n}{}% 43
\BOOKMARK [1][-]{section.14}{\376\377\000T\000h\000e\000\040\000R\000S\000V\000P\000\040\000S\000u\000b\000s\000t\000r\000a\000t\000e}{}% 44
\BOOKMARK [2][-]{subsection.14.1}{\376\377\000B\000a\000s\000e\000\040\000M\000a\000n\000i\000f\000o\000l\000d\000\040\000a\000n\000d\000\040\000M\000i\000c\000r\000o\000s\000t\000a\000t\000e}{section.14}% 45
\BOOKMARK [2][-]{subsection.14.2}{\376\377\000E\000n\000t\000r\000o\000p\000y\000\040\000a\000s\000\040\000T\000o\000r\000s\000i\000o\000n\000a\000l\000\040\000M\000u\000l\000t\000i\000p\000l\000i\000c\000i\000t\000y}{section.14}% 46
\BOOKMARK [2][-]{subsection.14.3}{\376\377\000C\000o\000n\000s\000t\000r\000a\000i\000n\000t\000-\000R\000e\000l\000a\000t\000i\000v\000e\000\040\000M\000u\000l\000t\000i\000p\000l\000i\000c\000i\000t\000y\000\040\000a\000n\000d\000\040\000C\000o\000m\000p\000r\000e\000s\000s\000i\000o\000n}{section.14}% 47
\BOOKMARK [1][-]{section.15}{\376\377\000T\000h\000e\000\040\000T\000A\000R\000T\000A\000N\000\040\000P\000r\000o\000j\000e\000c\000t\000i\000o\000n}{}% 48
\BOOKMARK [2][-]{subsection.15.1}{\376\377\000T\000i\000l\000e\000s\000\040\000a\000s\000\040\000P\000a\000t\000h\000-\000S\000p\000a\000c\000e\000\040\000O\000b\000j\000e\000c\000t\000s}{section.15}% 49
\BOOKMARK [2][-]{subsection.15.2}{\376\377\000S\000h\000e\000a\000f\000-\000L\000i\000k\000e\000\040\000C\000o\000v\000e\000r\000i\000n\000g\000\040\000a\000n\000d\000\040\000G\000l\000u\000i\000n\000g}{section.15}% 50
\BOOKMARK [2][-]{subsection.15.3}{\376\377\000A\000n\000n\000o\000t\000a\000t\000e\000d\000\040\000N\000o\000i\000s\000e\000\040\000a\000n\000d\000\040\000M\000e\000m\000o\000r\000y}{section.15}% 51
\BOOKMARK [1][-]{section.16}{\376\377\000D\000u\000a\000l\000i\000t\000y\000\040\000o\000f\000\040\000C\000o\000m\000p\000r\000e\000s\000s\000i\000o\000n\000\040\000a\000n\000d\000\040\000M\000u\000l\000t\000i\000p\000l\000i\000c\000i\000t\000y}{}% 52
\BOOKMARK [2][-]{subsection.16.1}{\376\377\000E\000q\000u\000i\000v\000a\000l\000e\000n\000c\000e\000\040\000o\000f\000\040\000R\000e\000p\000r\000e\000s\000e\000n\000t\000a\000t\000i\000o\000n\000s}{section.16}% 53
\BOOKMARK [2][-]{subsection.16.2}{\376\377\000I\000n\000v\000a\000r\000i\000a\000n\000c\000e\000\040\000U\000n\000d\000e\000r\000\040\000R\000e\000p\000r\000e\000s\000e\000n\000t\000a\000t\000i\000o\000n}{section.16}% 54
\BOOKMARK [1][-]{section.17}{\376\377\000P\000h\000a\000s\000e\000\040\000C\000o\000h\000e\000r\000e\000n\000c\000e\000\040\000a\000n\000d\000\040\000Q\000u\000a\000n\000t\000u\000m\000\040\000E\000m\000e\000r\000g\000e\000n\000c\000e}{}% 55
\BOOKMARK [2][-]{subsection.17.1}{\376\377\000T\000h\000e\000\040\000P\000h\000a\000s\000e\000\040\000F\000u\000n\000c\000t\000i\000o\000n\000a\000l}{section.17}% 56
\BOOKMARK [2][-]{subsection.17.2}{\376\377\000U\000n\000i\000s\000t\000o\000c\000h\000a\000s\000t\000i\000c\000\040\000T\000r\000a\000n\000s\000i\000t\000i\000o\000n\000\040\000S\000t\000r\000u\000c\000t\000u\000r\000e}{section.17}% 57
\BOOKMARK [1][-]{section.18}{\376\377\000G\000a\000u\000g\000e\000\040\000F\000r\000e\000e\000d\000o\000m\000\040\000a\000n\000d\000\040\000R\000e\000p\000r\000e\000s\000e\000n\000t\000a\000t\000i\000o\000n\000\040\000C\000h\000o\000i\000c\000e}{}% 58
\BOOKMARK [2][-]{subsection.18.1}{\376\377\000R\000e\000d\000u\000n\000d\000a\000n\000c\000y\000\040\000i\000n\000\040\000R\000e\000p\000r\000e\000s\000e\000n\000t\000a\000t\000i\000o\000n}{section.18}% 59
\BOOKMARK [2][-]{subsection.18.2}{\376\377\000F\000i\000x\000i\000n\000g\000\040\000a\000\040\000G\000a\000u\000g\000e}{section.18}% 60
\BOOKMARK [2][-]{subsection.18.3}{\376\377\000G\000a\000u\000g\000e\000\040\000a\000n\000d\000\040\000P\000r\000o\000j\000e\000c\000t\000i\000o\000n}{section.18}% 61
\BOOKMARK [1][-]{section.19}{\376\377\000T\000h\000e\000\040\000C\000L\000I\000O\000\040\000U\000p\000d\000a\000t\000e\000\040\000O\000p\000e\000r\000a\000t\000o\000r}{}% 62
\BOOKMARK [2][-]{subsection.19.1}{\376\377\000C\000o\000g\000n\000i\000t\000i\000v\000e\000\040\000P\000r\000o\000j\000e\000c\000t\000i\000o\000n\000\040\000a\000s\000\040\000S\000h\000e\000a\000f\000\040\000E\000x\000t\000e\000n\000s\000i\000o\000n}{section.19}% 63
\BOOKMARK [2][-]{subsection.19.2}{\376\377\000T\000h\000e\000\040\000C\000L\000I\000O\000\040\000C\000o\000h\000e\000r\000e\000n\000c\000e\000\040\000F\000u\000n\000c\000t\000i\000o\000n\000a\000l}{section.19}% 64
\BOOKMARK [2][-]{subsection.19.3}{\376\377\000T\000o\000p\000o\000l\000o\000g\000i\000c\000a\000l\000\040\000V\000e\000r\000s\000u\000s\000\040\000E\000n\000e\000r\000g\000e\000t\000i\000c\000\040\000S\000e\000p\000a\000r\000a\000t\000i\000o\000n}{section.19}% 65
\BOOKMARK [1][-]{section.20}{\376\377\000A\000g\000e\000n\000t\000s\000,\000\040\000T\000r\000a\000j\000e\000c\000t\000o\000r\000i\000e\000s\000,\000\040\000a\000n\000d\000\040\000E\000c\000o\000n\000o\000m\000i\000c\000\040\000S\000t\000r\000u\000c\000t\000u\000r\000e}{}% 66
\BOOKMARK [2][-]{subsection.20.1}{\376\377\000A\000g\000e\000n\000t\000s\000\040\000a\000s\000\040\000T\000r\000a\000j\000e\000c\000t\000o\000r\000y\000\040\000I\000n\000v\000a\000r\000i\000a\000n\000t\000s}{section.20}% 67
\BOOKMARK [2][-]{subsection.20.2}{\376\377\000I\000n\000t\000e\000r\000f\000a\000c\000e\000\040\000E\000n\000t\000r\000o\000p\000y}{section.20}% 68
\BOOKMARK [1][-]{section.21}{\376\377\000T\000h\000e\000\040\000E\000x\000t\000r\000a\000c\000t\000i\000o\000n\000\040\000A\000t\000t\000r\000a\000c\000t\000o\000r}{}% 69
\BOOKMARK [1][-]{section.22}{\376\377\000F\000u\000n\000c\000t\000o\000r\000i\000a\000l\000\040\000S\000t\000r\000u\000c\000t\000u\000r\000e\000\040\000o\000f\000\040\000t\000h\000e\000\040\000U\000n\000i\000f\000i\000e\000d\000\040\000F\000r\000a\000m\000e\000w\000o\000r\000k}{}% 70
\BOOKMARK [1][-]{section.23}{\376\377\000N\000o\000n\000-\000E\000x\000t\000r\000a\000c\000t\000i\000v\000e\000\040\000A\000r\000c\000h\000i\000t\000e\000c\000t\000u\000r\000e\000:\000\040\000F\000o\000u\000r\000\040\000C\000o\000n\000d\000i\000t\000i\000o\000n\000s}{}% 71
\BOOKMARK [1][-]{section.24}{\376\377\000C\000o\000n\000s\000t\000r\000a\000i\000n\000t\000\040\000G\000e\000o\000m\000e\000t\000r\000y\000\040\000a\000n\000d\000\040\000S\000t\000a\000b\000i\000l\000i\000t\000y}{}% 72
\BOOKMARK [2][-]{subsection.24.1}{\376\377\000C\000o\000n\000s\000t\000r\000a\000i\000n\000t\000\040\000M\000a\000n\000i\000f\000o\000l\000d\000\040\000S\000t\000r\000u\000c\000t\000u\000r\000e}{section.24}% 73
\BOOKMARK [2][-]{subsection.24.2}{\376\377\000C\000u\000r\000v\000a\000t\000u\000r\000e\000\040\000a\000n\000d\000\040\000I\000n\000s\000t\000a\000b\000i\000l\000i\000t\000y}{section.24}% 74
\BOOKMARK [2][-]{subsection.24.3}{\376\377\000S\000t\000a\000b\000l\000e\000\040\000R\000e\000g\000i\000o\000n\000s\000\040\000a\000n\000d\000\040\000A\000t\000t\000r\000a\000c\000t\000o\000r\000s}{section.24}% 75
\BOOKMARK [1][-]{section.25}{\376\377\000F\000a\000i\000l\000u\000r\000e\000\040\000M\000o\000d\000e\000s\000\040\000o\000f\000\040\000P\000r\000o\000j\000e\000c\000t\000i\000o\000n}{}% 76
\BOOKMARK [2][-]{subsection.25.1}{\376\377\000L\000o\000c\000a\000l\000\040\000C\000o\000h\000e\000r\000e\000n\000c\000e\000\040\000W\000i\000t\000h\000o\000u\000t\000\040\000G\000l\000o\000b\000a\000l\000\040\000S\000e\000c\000t\000i\000o\000n}{section.25}% 77
\BOOKMARK [2][-]{subsection.25.2}{\376\377\000O\000v\000e\000r\000c\000o\000m\000p\000r\000e\000s\000s\000i\000o\000n\000\040\000a\000n\000d\000\040\000I\000n\000f\000o\000r\000m\000a\000t\000i\000o\000n\000\040\000L\000o\000s\000s}{section.25}% 78
\BOOKMARK [2][-]{subsection.25.3}{\376\377\000H\000a\000l\000l\000u\000c\000i\000n\000a\000t\000i\000o\000n\000\040\000a\000s\000\040\000F\000a\000l\000s\000e\000\040\000G\000l\000o\000b\000a\000l\000\040\000S\000e\000c\000t\000i\000o\000n}{section.25}% 79
\BOOKMARK [2][-]{subsection.25.4}{\376\377\000R\000e\000l\000a\000t\000i\000o\000n\000\040\000t\000o\000\040\000C\000L\000I\000O}{section.25}% 80
\BOOKMARK [1][-]{section.26}{\376\377\000T\000e\000m\000p\000o\000r\000a\000l\000\040\000S\000t\000r\000u\000c\000t\000u\000r\000e\000\040\000a\000n\000d\000\040\000I\000r\000r\000e\000v\000e\000r\000s\000i\000b\000i\000l\000i\000t\000y}{}% 81
\BOOKMARK [2][-]{subsection.26.1}{\376\377\000T\000i\000m\000e\000\040\000a\000s\000\040\000C\000o\000n\000s\000t\000r\000a\000i\000n\000t\000\040\000A\000c\000c\000u\000m\000u\000l\000a\000t\000i\000o\000n}{section.26}% 82
\BOOKMARK [2][-]{subsection.26.2}{\376\377\000I\000r\000r\000e\000v\000e\000r\000s\000i\000b\000i\000l\000i\000t\000y}{section.26}% 83
\BOOKMARK [2][-]{subsection.26.3}{\376\377\000E\000n\000t\000r\000o\000p\000y\000\040\000a\000n\000d\000\040\000t\000h\000e\000\040\000A\000r\000r\000o\000w\000\040\000o\000f\000\040\000T\000i\000m\000e}{section.26}% 84
\BOOKMARK [2][-]{subsection.26.4}{\376\377\000R\000e\000l\000a\000t\000i\000o\000n\000\040\000t\000o\000\040\000A\000s\000p\000e\000c\000t\000\040\000R\000e\000l\000e\000g\000a\000t\000i\000o\000n}{section.26}% 85
\BOOKMARK [1][-]{section.27}{\376\377\000C\000o\000n\000s\000t\000r\000a\000i\000n\000t\000-\000P\000r\000e\000s\000e\000r\000v\000i\000n\000g\000\040\000D\000y\000n\000a\000m\000i\000c\000s\000\040\000a\000n\000d\000\040\000C\000a\000t\000a\000s\000t\000r\000o\000p\000h\000i\000c\000\040\000T\000r\000a\000j\000e\000c\000t\000o\000r\000i\000e\000s}{}% 86
\BOOKMARK [1][-]{section.28}{\376\377\000C\000o\000n\000s\000e\000q\000u\000e\000n\000c\000e\000s\000\040\000a\000n\000d\000\040\000T\000e\000s\000t\000a\000b\000l\000e\000\040\000I\000m\000p\000l\000i\000c\000a\000t\000i\000o\000n\000s}{}% 87
\BOOKMARK [1][-]{section.29}{\376\377\000L\000i\000m\000i\000t\000s\000\040\000o\000f\000\040\000F\000o\000r\000m\000a\000l\000i\000z\000a\000t\000i\000o\000n}{}% 88
\BOOKMARK [2][-]{subsection.29.1}{\376\377\000P\000a\000r\000t\000i\000a\000l\000\040\000C\000a\000p\000t\000u\000r\000e\000\040\000o\000f\000\040\000S\000t\000r\000u\000c\000t\000u\000r\000e}{section.29}% 89
\BOOKMARK [2][-]{subsection.29.2}{\376\377\000N\000o\000n\000-\000U\000n\000i\000q\000u\000e\000n\000e\000s\000s\000\040\000o\000f\000\040\000F\000o\000r\000m\000a\000l\000\040\000S\000y\000s\000t\000e\000m\000s}{section.29}% 90
\BOOKMARK [2][-]{subsection.29.3}{\376\377\000R\000e\000l\000a\000t\000i\000o\000n\000\040\000t\000o\000\040\000E\000x\000p\000r\000e\000s\000s\000i\000o\000n}{section.29}% 91
\BOOKMARK [1][-]{section.30}{\376\377\000C\000o\000n\000c\000l\000u\000s\000i\000o\000n}{}% 92
