\BOOKMARK [1][-]{Doc-Start}{\376\377\000O\000p\000e\000n\000i\000n\000g\000\040\000F\000r\000a\000m\000e}{}% 1
\BOOKMARK [1][-]{Doc-Start}{\376\377\000P\000a\000r\000t\000\040\000I\000:\000\040\000S\000e\000l\000e\000c\000t\000i\000o\000n\000\040\000W\000i\000t\000h\000o\000u\000t\000\040\000O\000p\000t\000i\000m\000i\000z\000a\000t\000i\000o\000n}{}% 2
\BOOKMARK [1][-]{section.1}{\376\377\000T\000h\000e\000\040\000N\000a\000r\000r\000a\000t\000i\000v\000e\000\040\000o\000f\000\040\000P\000r\000o\000g\000r\000e\000s\000s\000\040\000a\000n\000d\000\040\000I\000t\000s\000\040\000P\000r\000e\000s\000u\000p\000p\000o\000s\000i\000t\000i\000o\000n\000s}{}% 3
\BOOKMARK [1][-]{section.2}{\376\377\000S\000e\000l\000e\000c\000t\000i\000o\000n\000\040\000a\000s\000\040\000a\000\040\000S\000i\000e\000v\000e\000:\000\040\000T\000h\000e\000\040\000F\000o\000r\000m\000a\000l\000\040\000S\000t\000r\000u\000c\000t\000u\000r\000e\000\040\000o\000f\000\040\000P\000e\000r\000s\000i\000s\000t\000e\000n\000c\000e}{}% 4
\BOOKMARK [1][-]{section.3}{\376\377\000S\000u\000r\000v\000i\000v\000o\000r\000\040\000B\000i\000a\000s\000\040\000a\000n\000d\000\040\000t\000h\000e\000\040\000I\000l\000l\000u\000s\000i\000o\000n\000\040\000o\000f\000\040\000D\000e\000s\000i\000g\000n}{}% 5
\BOOKMARK [1][-]{section.4}{\376\377\000T\000h\000e\000\040\000O\000r\000i\000g\000i\000n\000\040\000o\000f\000\040\000L\000i\000f\000e\000\040\000R\000e\000f\000r\000a\000m\000e\000d}{}% 6
\BOOKMARK [1][-]{theorem.4.2}{\376\377\000P\000a\000r\000t\000\040\000I\000I\000:\000\040\000F\000u\000n\000c\000t\000i\000o\000n\000\040\000a\000s\000\040\000P\000r\000o\000j\000e\000c\000t\000i\000o\000n}{}% 7
\BOOKMARK [1][-]{section.5}{\376\377\000T\000h\000e\000\040\000S\000t\000r\000u\000c\000t\000u\000r\000e\000\040\000o\000f\000\040\000F\000u\000n\000c\000t\000i\000o\000n\000a\000l\000\040\000E\000x\000p\000l\000a\000n\000a\000t\000i\000o\000n}{}% 8
\BOOKMARK [1][-]{section.6}{\376\377\000T\000h\000e\000\040\000B\000r\000i\000d\000g\000e\000:\000\040\000F\000r\000o\000m\000\040\000P\000e\000r\000s\000i\000s\000t\000e\000n\000c\000e\000\040\000t\000o\000\040\000t\000h\000e\000\040\000R\000e\000l\000a\000t\000i\000v\000i\000t\000y\000\040\000o\000f\000\040\000F\000u\000n\000c\000t\000i\000o\000n}{}% 9
\BOOKMARK [1][-]{section.7}{\376\377\000T\000e\000l\000e\000o\000l\000o\000g\000i\000c\000a\000l\000\040\000F\000u\000n\000c\000t\000i\000o\000n\000a\000l\000i\000s\000m\000\040\000D\000i\000s\000s\000o\000l\000v\000e\000d}{}% 10
\BOOKMARK [1][-]{section.8}{\376\377\000C\000o\000m\000p\000u\000t\000a\000t\000i\000o\000n\000a\000l\000\040\000F\000u\000n\000c\000t\000i\000o\000n\000a\000l\000i\000s\000m\000\040\000a\000n\000d\000\040\000t\000h\000e\000\040\000P\000r\000o\000b\000l\000e\000m\000\040\000o\000f\000\040\000E\000q\000u\000i\000v\000a\000l\000e\000n\000c\000e}{}% 11
\BOOKMARK [1][-]{section.9}{\376\377\000F\000u\000n\000c\000t\000i\000o\000n\000a\000l\000\040\000D\000e\000s\000c\000r\000i\000p\000t\000i\000o\000n\000s\000\040\000a\000s\000\040\000C\000o\000o\000r\000d\000i\000n\000a\000t\000e\000\040\000S\000y\000s\000t\000e\000m\000s}{}% 12
\BOOKMARK [1][-]{theorem.9.2}{\376\377\000P\000a\000r\000t\000\040\000I\000I\000I\000:\000\040\000O\000b\000s\000e\000r\000v\000a\000t\000i\000o\000n\000\040\000a\000s\000\040\000C\000o\000n\000s\000t\000r\000a\000i\000n\000e\000d\000\040\000A\000c\000c\000e\000s\000s}{}% 13
\BOOKMARK [1][-]{section.10}{\376\377\000T\000h\000e\000\040\000O\000b\000s\000e\000r\000v\000e\000r\000\040\000W\000i\000t\000h\000i\000n\000\040\000t\000h\000e\000\040\000F\000i\000e\000l\000d}{}% 14
\BOOKMARK [1][-]{section.11}{\376\377\000R\000e\000a\000c\000h\000a\000b\000i\000l\000i\000t\000y\000\040\000a\000n\000d\000\040\000t\000h\000e\000\040\000L\000i\000m\000i\000t\000s\000\040\000o\000f\000\040\000A\000c\000c\000e\000s\000s}{}% 15
\BOOKMARK [1][-]{section.12}{\376\377\000I\000s\000l\000a\000n\000d\000s\000\040\000o\000f\000\040\000P\000e\000r\000s\000i\000s\000t\000e\000n\000c\000e}{}% 16
\BOOKMARK [1][-]{section.13}{\376\377\000E\000p\000i\000s\000t\000e\000m\000i\000c\000\040\000C\000u\000r\000v\000a\000t\000u\000r\000e}{}% 17
\BOOKMARK [1][-]{section.14}{\376\377\000T\000h\000e\000\040\000L\000i\000f\000t\000i\000n\000g\000\040\000P\000r\000o\000b\000l\000e\000m\000\040\000a\000n\000d\000\040\000S\000t\000r\000u\000c\000t\000u\000r\000a\000l\000\040\000U\000n\000d\000e\000r\000d\000e\000t\000e\000r\000m\000i\000n\000a\000t\000i\000o\000n}{}% 18
\BOOKMARK [1][-]{Item.3}{\376\377\000P\000a\000r\000t\000\040\000I\000V\000:\000\040\000T\000h\000e\000\040\000U\000n\000i\000t\000y\000\040\000o\000f\000\040\000B\000e\000i\000n\000g\000\040\000a\000n\000d\000\040\000K\000n\000o\000w\000i\000n\000g}{}% 19
\BOOKMARK [1][-]{section.14}{\376\377\000T\000h\000e\000\040\000C\000o\000l\000l\000a\000p\000s\000e\000\040\000o\000f\000\040\000t\000h\000e\000\040\000D\000i\000s\000t\000i\000n\000c\000t\000i\000o\000n}{}% 20
\BOOKMARK [1][-]{section.15}{\376\377\000P\000h\000y\000s\000i\000c\000s\000\040\000W\000i\000t\000h\000o\000u\000t\000\040\000P\000r\000i\000v\000i\000l\000e\000g\000e\000d\000\040\000O\000b\000s\000e\000r\000v\000a\000t\000i\000o\000n}{}% 21
\BOOKMARK [1][-]{section.16}{\376\377\000E\000p\000i\000s\000t\000e\000m\000o\000l\000o\000g\000y\000\040\000W\000i\000t\000h\000o\000u\000t\000\040\000P\000r\000i\000v\000i\000l\000e\000g\000e\000d\000\040\000R\000e\000a\000l\000i\000t\000y}{}% 22
\BOOKMARK [1][-]{section.17}{\376\377\000F\000i\000n\000a\000l\000\040\000S\000y\000n\000t\000h\000e\000s\000i\000s\000:\000\040\000C\000o\000n\000s\000t\000r\000a\000i\000n\000t\000\040\000a\000s\000\040\000t\000h\000e\000\040\000C\000o\000m\000m\000o\000n\000\040\000S\000u\000b\000s\000t\000r\000a\000t\000e}{}% 23
\BOOKMARK [1][-]{section.18}{\376\377\000C\000l\000o\000s\000i\000n\000g\000\040\000R\000e\000f\000l\000e\000c\000t\000i\000o\000n}{}% 24
\BOOKMARK [1][-]{section.18}{\376\377\000P\000a\000r\000t\000\040\000V\000:\000\040\000C\000o\000n\000s\000e\000q\000u\000e\000n\000c\000e\000s\000\040\000a\000n\000d\000\040\000E\000x\000t\000e\000n\000s\000i\000o\000n\000s}{}% 25
\BOOKMARK [1][-]{section.18}{\376\377\000C\000o\000n\000s\000t\000r\000a\000i\000n\000t\000\040\000W\000i\000t\000h\000o\000u\000t\000\040\000T\000e\000l\000e\000o\000l\000o\000g\000y}{}% 26
\BOOKMARK [1][-]{section.19}{\376\377\000H\000i\000e\000r\000a\000r\000c\000h\000i\000e\000s\000\040\000o\000f\000\040\000C\000l\000o\000s\000u\000r\000e\000\040\000a\000n\000d\000\040\000t\000h\000e\000\040\000E\000m\000e\000r\000g\000e\000n\000c\000e\000\040\000o\000f\000\040\000C\000o\000m\000p\000l\000e\000x\000i\000t\000y}{}% 27
\BOOKMARK [1][-]{section.20}{\376\377\000P\000r\000o\000j\000e\000c\000t\000i\000o\000n\000,\000\040\000C\000o\000m\000p\000r\000e\000s\000s\000i\000o\000n\000,\000\040\000a\000n\000d\000\040\000t\000h\000e\000\040\000L\000i\000m\000i\000t\000s\000\040\000o\000f\000\040\000R\000e\000p\000r\000e\000s\000e\000n\000t\000a\000t\000i\000o\000n}{}% 28
\BOOKMARK [1][-]{section.21}{\376\377\000T\000e\000m\000p\000o\000r\000a\000l\000\040\000A\000s\000y\000m\000m\000e\000t\000r\000y\000\040\000a\000n\000d\000\040\000t\000h\000e\000\040\000D\000i\000r\000e\000c\000t\000i\000o\000n\000\040\000o\000f\000\040\000I\000n\000f\000e\000r\000e\000n\000c\000e}{}% 29
\BOOKMARK [1][-]{section.22}{\376\377\000C\000o\000n\000s\000t\000r\000a\000i\000n\000t\000\040\000G\000e\000o\000m\000e\000t\000r\000y\000\040\000a\000n\000d\000\040\000P\000h\000y\000s\000i\000c\000a\000l\000\040\000L\000a\000w}{}% 30
\BOOKMARK [1][-]{section.23}{\376\377\000U\000n\000i\000v\000e\000r\000s\000a\000l\000i\000t\000y\000\040\000o\000f\000\040\000t\000h\000e\000\040\000C\000o\000n\000s\000t\000r\000a\000i\000n\000t\000-\000P\000r\000o\000j\000e\000c\000t\000i\000o\000n\000\040\000S\000t\000r\000u\000c\000t\000u\000r\000e}{}% 31
\BOOKMARK [1][-]{section.24}{\376\377\000C\000l\000o\000s\000i\000n\000g\000\040\000E\000x\000t\000e\000n\000s\000i\000o\000n}{}% 32
\BOOKMARK [1][-]{section.24}{\376\377\000P\000a\000r\000t\000\040\000V\000I\000:\000\040\000R\000S\000V\000P\000\040\000E\000x\000t\000e\000n\000s\000i\000o\000n}{}% 33
\BOOKMARK [1][-]{section.24}{\376\377\000F\000r\000o\000m\000\040\000A\000b\000s\000t\000r\000a\000c\000t\000\040\000C\000o\000n\000s\000t\000r\000a\000i\000n\000t\000\040\000t\000o\000\040\000S\000t\000r\000u\000c\000t\000u\000r\000e\000d\000\040\000F\000i\000e\000l\000d}{}% 34
\BOOKMARK [1][-]{section.25}{\376\377\000P\000e\000r\000s\000i\000s\000t\000e\000n\000c\000e\000\040\000a\000s\000\040\000F\000i\000e\000l\000d\000\040\000C\000o\000h\000e\000r\000e\000n\000c\000e}{}% 35
\BOOKMARK [1][-]{section.26}{\376\377\000S\000e\000l\000e\000c\000t\000i\000o\000n\000\040\000a\000s\000\040\000E\000n\000t\000r\000o\000p\000i\000c\000\040\000F\000i\000l\000t\000e\000r\000i\000n\000g\000\040\000i\000n\000\040\000t\000h\000e\000\040\000F\000i\000e\000l\000d}{}% 36
\BOOKMARK [1][-]{section.27}{\376\377\000F\000u\000n\000c\000t\000i\000o\000n\000\040\000a\000s\000\040\000P\000r\000o\000j\000e\000c\000t\000i\000o\000n\000\040\000i\000n\000\040\000R\000S\000V\000P\000\040\000F\000i\000e\000l\000d\000s}{}% 37
\BOOKMARK [1][-]{section.28}{\376\377\000O\000b\000s\000e\000r\000v\000a\000t\000i\000o\000n\000\040\000a\000s\000\040\000F\000i\000e\000l\000d\000-\000C\000o\000n\000s\000t\000r\000a\000i\000n\000e\000d\000\040\000T\000r\000a\000j\000e\000c\000t\000o\000r\000y}{}% 38
\BOOKMARK [1][-]{section.29}{\376\377\000I\000s\000l\000a\000n\000d\000s\000\040\000a\000n\000d\000\040\000F\000i\000e\000l\000d\000\040\000D\000i\000s\000c\000o\000n\000n\000e\000c\000t\000i\000o\000n}{}% 39
\BOOKMARK [1][-]{section.30}{\376\377\000R\000S\000V\000P\000\040\000U\000n\000i\000f\000i\000c\000a\000t\000i\000o\000n}{}% 40
\BOOKMARK [1][-]{theorem.30.1}{\376\377\000P\000a\000r\000t\000\040\000V\000I\000I\000:\000\040\000A\000g\000a\000i\000n\000s\000t\000\040\000t\000h\000e\000\040\000O\000p\000t\000i\000m\000i\000z\000a\000t\000i\000o\000n\000\040\000I\000n\000t\000e\000r\000p\000r\000e\000t\000a\000t\000i\000o\000n}{}% 41
\BOOKMARK [1][-]{section.32}{\376\377\000T\000h\000e\000\040\000O\000p\000t\000i\000m\000i\000z\000a\000t\000i\000o\000n\000\040\000A\000s\000s\000u\000m\000p\000t\000i\000o\000n\000\040\000a\000n\000d\000\040\000I\000t\000s\000\040\000R\000e\000q\000u\000i\000r\000e\000m\000e\000n\000t\000s}{}% 42
\BOOKMARK [1][-]{section.33}{\376\377\000P\000e\000r\000s\000i\000s\000t\000e\000n\000c\000e\000\040\000D\000o\000e\000s\000\040\000N\000o\000t\000\040\000I\000m\000p\000l\000y\000\040\000A\000s\000c\000e\000n\000t}{}% 43
\BOOKMARK [1][-]{section.34}{\376\377\000T\000h\000e\000\040\000A\000b\000s\000e\000n\000c\000e\000\040\000o\000f\000\040\000a\000\040\000C\000a\000n\000o\000n\000i\000c\000a\000l\000\040\000F\000i\000t\000n\000e\000s\000s\000\040\000F\000u\000n\000c\000t\000i\000o\000n}{}% 44
\BOOKMARK [1][-]{section.35}{\376\377\000N\000o\000n\000-\000T\000r\000a\000n\000s\000i\000t\000i\000v\000i\000t\000y\000\040\000a\000n\000d\000\040\000t\000h\000e\000\040\000I\000m\000p\000o\000s\000s\000i\000b\000i\000l\000i\000t\000y\000\040\000o\000f\000\040\000a\000\040\000S\000c\000a\000l\000a\000r\000\040\000O\000b\000j\000e\000c\000t\000i\000v\000e}{}% 45
\BOOKMARK [1][-]{section.36}{\376\377\000F\000i\000t\000n\000e\000s\000s\000\040\000L\000a\000n\000d\000s\000c\000a\000p\000e\000s\000\040\000a\000s\000\040\000C\000o\000o\000r\000d\000i\000n\000a\000t\000e\000\040\000A\000r\000t\000i\000f\000a\000c\000t\000s}{}% 46
\BOOKMARK [1][-]{section.37}{\376\377\000W\000h\000e\000n\000\040\000O\000p\000t\000i\000m\000i\000z\000a\000t\000i\000o\000n\000\040\000E\000m\000e\000r\000g\000e\000s\000\040\000a\000s\000\040\000a\000n\000\040\000A\000p\000p\000r\000o\000x\000i\000m\000a\000t\000i\000o\000n}{}% 47
\BOOKMARK [1][-]{theorem.37.1}{\376\377\000P\000a\000r\000t\000\040\000V\000I\000I\000I\000:\000\040\000S\000e\000l\000e\000c\000t\000i\000o\000n\000,\000\040\000O\000b\000s\000t\000r\000u\000c\000t\000i\000o\000n\000,\000\040\000a\000n\000d\000\040\000t\000h\000e\000\040\000S\000h\000e\000a\000f\000\040\000o\000f\000\040\000C\000o\000h\000e\000r\000e\000n\000t\000\040\000M\000o\000d\000e\000l\000s}{}% 48
\BOOKMARK [1][-]{section.37}{\376\377\000O\000b\000s\000e\000r\000v\000a\000t\000i\000o\000n\000s\000\040\000a\000s\000\040\000L\000o\000c\000a\000l\000\040\000S\000e\000c\000t\000i\000o\000n\000s}{}% 49
\BOOKMARK [1][-]{section.38}{\376\377\000T\000h\000e\000\040\000O\000b\000s\000t\000r\000u\000c\000t\000i\000o\000n\000\040\000C\000l\000a\000s\000s\000\040\000a\000n\000d\000\040\000I\000t\000s\000\040\000M\000e\000a\000n\000i\000n\000g}{}% 50
\BOOKMARK [1][-]{section.39}{\376\377\000S\000e\000l\000e\000c\000t\000i\000o\000n\000\040\000a\000s\000\040\000V\000a\000n\000i\000s\000h\000i\000n\000g\000\040\000O\000b\000s\000t\000r\000u\000c\000t\000i\000o\000n}{}% 51
\BOOKMARK [1][-]{section.40}{\376\377\000T\000h\000e\000\040\000S\000e\000l\000e\000c\000t\000i\000o\000n\040\023\000P\000r\000o\000j\000e\000c\000t\000i\000o\000n\000\040\000T\000h\000e\000o\000r\000e\000m}{}% 52
\BOOKMARK [1][-]{section.41}{\376\377\000A\000\040\000V\000a\000r\000i\000a\000t\000i\000o\000n\000a\000l\000\040\000F\000o\000r\000m\000u\000l\000a\000t\000i\000o\000n\000\040\000o\000f\000\040\000S\000e\000l\000e\000c\000t\000i\000o\000n}{}% 53
\BOOKMARK [1][-]{section.42}{\376\377\000N\000o\000e\000t\000h\000e\000r\000-\000T\000y\000p\000e\000\040\000I\000n\000v\000a\000r\000i\000a\000n\000t\000s\000\040\000a\000n\000d\000\040\000t\000h\000e\000\040\000S\000t\000r\000u\000c\000t\000u\000r\000e\000\040\000o\000f\000\040\000P\000e\000r\000s\000i\000s\000t\000e\000n\000c\000e}{}% 54
\BOOKMARK [1][-]{theorem.42.1}{\376\377\000P\000a\000r\000t\000\040\000I\000X\000:\000\040\000P\000h\000o\000t\000o\000g\000r\000a\000p\000h\000i\000c\000\040\000C\000o\000n\000t\000r\000a\000d\000i\000c\000t\000i\000o\000n\000\040\000a\000n\000d\000\040\000M\000u\000l\000t\000i\000m\000o\000d\000a\000l\000\040\000C\000o\000n\000s\000t\000r\000a\000i\000n\000t}{}% 55
\BOOKMARK [1][-]{section.44}{\376\377\000P\000h\000o\000t\000o\000g\000r\000a\000p\000h\000s\000\040\000a\000s\000\040\000P\000a\000r\000t\000i\000a\000l\000\040\000P\000r\000o\000j\000e\000c\000t\000i\000o\000n\000s\000\040\000o\000f\000\040\000t\000h\000e\000\040\000C\000o\000n\000s\000t\000r\000a\000i\000n\000t\000\040\000F\000i\000e\000l\000d}{}% 56
\BOOKMARK [1][-]{section.45}{\376\377\000U\000n\000i\000v\000e\000r\000s\000a\000l\000\040\000P\000h\000o\000t\000o\000g\000r\000a\000p\000h\000i\000c\000\040\000I\000n\000c\000o\000n\000s\000i\000s\000t\000e\000n\000c\000y}{}% 57
\BOOKMARK [1][-]{section.46}{\376\377\000C\000o\000n\000t\000r\000a\000d\000i\000c\000t\000i\000o\000n\000\040\000a\000s\000\040\000E\000n\000t\000r\000o\000p\000i\000c\000\040\000O\000b\000s\000t\000r\000u\000c\000t\000i\000o\000n}{}% 58
\BOOKMARK [1][-]{section.47}{\376\377\000H\000i\000n\000g\000e\000\040\000O\000b\000s\000e\000r\000v\000a\000t\000i\000o\000n\000s\000\040\000a\000n\000d\000\040\000t\000h\000e\000\040\000C\000o\000l\000l\000a\000p\000s\000e\000\040\000o\000f\000\040\000A\000p\000p\000a\000r\000e\000n\000t\000\040\000C\000o\000h\000e\000r\000e\000n\000c\000e}{}% 59
\BOOKMARK [1][-]{section.48}{\376\377\000D\000e\000f\000e\000r\000r\000e\000d\000\040\000C\000o\000n\000s\000t\000r\000a\000i\000n\000t\000\040\000C\000l\000o\000s\000u\000r\000e\000\040\000a\000n\000d\000\040\000t\000h\000e\000\040\000T\000o\000p\000o\000l\000o\000g\000y\000\040\000o\000f\000\040\000L\000e\000a\000r\000n\000i\000n\000g}{}% 60
\BOOKMARK [1][-]{section.49}{\376\377\000B\000e\000f\000o\000r\000e\000\040\000a\000n\000d\000\040\000A\000f\000t\000e\000r\000\040\000a\000s\000\040\000B\000o\000u\000n\000d\000a\000r\000y\000\040\000C\000o\000n\000d\000i\000t\000i\000o\000n\000s\000\040\000o\000n\000\040\000T\000r\000a\000j\000e\000c\000t\000o\000r\000i\000e\000s}{}% 61
\BOOKMARK [1][-]{section.49}{\376\377\000P\000a\000r\000t\000\040\000X\000:\000\040\000M\000u\000l\000t\000i\000m\000o\000d\000a\000l\000\040\000C\000o\000n\000s\000t\000r\000a\000i\000n\000t\000s\000\040\000a\000n\000d\000\040\000t\000h\000e\000\040\000A\000m\000p\000l\000i\000f\000i\000c\000a\000t\000i\000o\000n\000\040\000o\000f\000\040\000O\000b\000s\000t\000r\000u\000c\000t\000i\000o\000n}{}% 62
\BOOKMARK [1][-]{section.50}{\376\377\000M\000u\000l\000t\000i\000p\000l\000e\000\040\000S\000e\000n\000s\000o\000r\000\040\000M\000o\000d\000a\000l\000i\000t\000i\000e\000s\000\040\000a\000s\000\040\000I\000n\000d\000e\000p\000e\000n\000d\000e\000n\000t\000\040\000P\000r\000o\000j\000e\000c\000t\000i\000o\000n\000s}{}% 63
\BOOKMARK [1][-]{section.51}{\376\377\000A\000c\000c\000e\000l\000e\000r\000o\000m\000e\000t\000r\000i\000c\000\040\000a\000n\000d\000\040\000A\000c\000o\000u\000s\000t\000i\000c\000\040\000O\000b\000s\000t\000r\000u\000c\000t\000i\000o\000n}{}% 64
\BOOKMARK [1][-]{section.52}{\376\377\000T\000e\000m\000p\000o\000r\000a\000l\000\040\000A\000l\000i\000g\000n\000m\000e\000n\000t\000\040\000a\000s\000\040\000a\000n\000\040\000A\000d\000d\000i\000t\000i\000o\000n\000a\000l\000\040\000C\000o\000n\000s\000t\000r\000a\000i\000n\000t}{}% 65
\BOOKMARK [1][-]{section.53}{\376\377\000D\000e\000n\000s\000e\000\040\000V\000e\000r\000s\000u\000s\000\040\000S\000p\000a\000r\000s\000e\000\040\000O\000b\000s\000e\000r\000v\000a\000t\000i\000o\000n\000\040\000a\000n\000d\000\040\000t\000h\000e\000\040\000R\000e\000f\000u\000g\000e\000\040\000o\000f\000\040\000U\000n\000o\000b\000s\000e\000r\000v\000e\000d\000\040\000I\000n\000t\000e\000r\000v\000a\000l\000s}{}% 66
\BOOKMARK [1][-]{section.54}{\376\377\000T\000h\000e\000\040\000S\000t\000a\000t\000i\000s\000t\000i\000c\000a\000l\000\040\000F\000i\000e\000l\000d\000\040\000a\000n\000d\000\040\000E\000n\000t\000r\000o\000p\000y\000\040\000a\000s\000\040\000O\000b\000s\000t\000r\000u\000c\000t\000i\000o\000n\000\040\000D\000e\000n\000s\000i\000t\000y}{}% 67
\BOOKMARK [1][-]{section.55}{\376\377\000U\000n\000c\000e\000r\000t\000a\000i\000n\000t\000y\000,\000\040\000I\000n\000c\000o\000m\000p\000a\000t\000i\000b\000i\000l\000i\000t\000y\000,\000\040\000a\000n\000d\000\040\000t\000h\000e\000\040\000I\000n\000f\000o\000r\000m\000a\000t\000i\000o\000n\000-\000T\000h\000e\000o\000r\000e\000t\000i\000c\000\040\000L\000i\000m\000i\000t}{}% 68
\BOOKMARK [1][-]{theorem.55.1}{\376\377\000C\000o\000d\000a\000:\000\040\000T\000h\000e\000\040\000G\000e\000o\000m\000e\000t\000r\000y\000\040\000o\000f\000\040\000W\000h\000a\000t\000\040\000C\000a\000n\000n\000o\000t\000\040\000B\000e\000\040\000S\000e\000e\000n}{}% 69
\BOOKMARK [1][-]{section.57}{\376\377\000T\000h\000e\000\040\000C\000o\000m\000p\000l\000e\000t\000e\000\040\000P\000i\000c\000t\000u\000r\000e}{}% 70
\BOOKMARK [1][-]{section.58}{\376\377\000W\000h\000a\000t\000\040\000t\000h\000e\000\040\000F\000r\000a\000m\000e\000w\000o\000r\000k\000\040\000D\000o\000e\000s\000\040\000N\000o\000t\000\040\000S\000a\000y}{}% 71
\BOOKMARK [1][-]{section.59}{\376\377\000T\000h\000e\000\040\000F\000i\000n\000a\000l\000\040\000I\000n\000v\000e\000r\000s\000i\000o\000n}{}% 72
